[01-Oct-2021 09:55:44 UTC] PHP Fatal error:  Uncaught Error: Class "BOOKSComponent" not found in /var/www/add_book.php:10
Stack trace:
#0 {main}
  thrown in /var/www/add_book.php on line 10
[01-Oct-2021 09:55:54 UTC] PHP Fatal error:  Uncaught Error: Class "BooksComponent" not found in /var/www/add_book.php:10
Stack trace:
#0 {main}
  thrown in /var/www/add_book.php on line 10
[01-Oct-2021 09:56:10 UTC] PHP Fatal error:  Uncaught Error: Class "BookComponent" not found in /var/www/add_book.php:10
Stack trace:
#0 {main}
  thrown in /var/www/add_book.php on line 10
[01-Oct-2021 14:02:03 UTC] PHP Parse error:  syntax error, unexpected token "public", expecting end of file in /var/www/factories/BookFactory.php on line 3
[01-Oct-2021 14:03:00 UTC] PHP Fatal error:  Uncaught Error: Call to undefined method Book::createBookFromArray() in /var/www/dao/BookDAO.php:94
Stack trace:
#0 /var/www/index.php(131): BookDAO->getBooks()
#1 {main}
  thrown in /var/www/dao/BookDAO.php on line 94
[01-Oct-2021 14:04:17 UTC] PHP Fatal error:  Uncaught Error: Call to undefined method Book::createBookFromArray() in /var/www/dao/BookDAO.php:97
Stack trace:
#0 /var/www/index.php(131): BookDAO->getBooks()
#1 {main}
  thrown in /var/www/dao/BookDAO.php on line 97
[01-Oct-2021 14:04:20 UTC] PHP Fatal error:  Uncaught Error: Call to undefined method Book::createBookFromArray() in /var/www/dao/BookDAO.php:97
Stack trace:
#0 /var/www/index.php(131): BookDAO->getBooks()
#1 {main}
  thrown in /var/www/dao/BookDAO.php on line 97
[01-Oct-2021 14:12:50 UTC] PHP Fatal error:  Uncaught Error: Call to undefined method Book::createBookFromArray() in /var/www/dao/BookDAO.php:125
Stack trace:
#0 /var/www/bookfixes.php(30): BookDAO->getBookById('18')
#1 {main}
  thrown in /var/www/dao/BookDAO.php on line 125
[01-Oct-2021 14:13:45 UTC] PHP Parse error:  syntax error, unexpected variable "$bookFixFactory", expecting "function" or "const" in /var/www/dao/BookFixDAO.php on line 21
[01-Oct-2021 14:14:05 UTC] PHP Parse error:  syntax error, unexpected variable "$bookFixFactory", expecting "function" or "const" in /var/www/dao/BookFixDAO.php on line 22
[01-Oct-2021 14:14:21 UTC] PHP Fatal error:  Uncaught Error: Call to undefined method Book::createBookFromArray() in /var/www/dao/BookDAO.php:125
Stack trace:
#0 /var/www/bookfixes.php(30): BookDAO->getBookById('18')
#1 {main}
  thrown in /var/www/dao/BookDAO.php on line 125
[01-Oct-2021 14:14:54 UTC] PHP Fatal error:  Uncaught Error: Call to undefined method Book::createBookFromArray() in /var/www/dao/BookDAO.php:125
Stack trace:
#0 /var/www/bookfixes.php(30): BookDAO->getBookById('18')
#1 {main}
  thrown in /var/www/dao/BookDAO.php on line 125
[01-Oct-2021 14:15:17 UTC] PHP Fatal error:  Uncaught Error: Call to undefined method Book::createBookFromArray() in /var/www/dao/BookDAO.php:125
Stack trace:
#0 /var/www/bookfixes.php(30): BookDAO->getBookById('18')
#1 {main}
  thrown in /var/www/dao/BookDAO.php on line 125
[01-Oct-2021 14:17:35 UTC] PHP Fatal error:  Uncaught Error: Call to a member function createBookFixFromArray() on null in /var/www/dao/BookFixDAO.php:105
Stack trace:
#0 /var/www/bookfixes.php(129): BookFixDAO->getBookFixes('18')
#1 {main}
  thrown in /var/www/dao/BookFixDAO.php on line 105
[01-Oct-2021 14:19:23 UTC] PHP Warning:  Undefined variable $bookFixFactory in /var/www/dao/BookFixDAO.php on line 105
[01-Oct-2021 14:19:23 UTC] PHP Fatal error:  Uncaught Error: Call to a member function createBookFixFromArray() on null in /var/www/dao/BookFixDAO.php:105
Stack trace:
#0 /var/www/bookfixes.php(129): BookFixDAO->getBookFixes('18')
#1 {main}
  thrown in /var/www/dao/BookFixDAO.php on line 105
[01-Oct-2021 14:20:04 UTC] PHP Warning:  Undefined variable $bookFixFactory in /var/www/dao/BookFixDAO.php on line 18
[01-Oct-2021 14:20:21 UTC] PHP Warning:  Undefined variable $bookFixFactory in /var/www/dao/BookFixDAO.php on line 105
[01-Oct-2021 14:20:21 UTC] PHP Fatal error:  Uncaught Error: Call to a member function createBookFixFromArray() on null in /var/www/dao/BookFixDAO.php:105
Stack trace:
#0 /var/www/bookfixes.php(129): BookFixDAO->getBookFixes('18')
#1 {main}
  thrown in /var/www/dao/BookFixDAO.php on line 105
[25-Mar-2022 16:21:11 UTC] PHP Warning:  Undefined variable $bookDAO in /var/www/index.php on line 25
[25-Mar-2022 16:21:11 UTC] PHP Fatal error:  Uncaught Error: Call to a member function createBooksTable() on null in /var/www/index.php:25
Stack trace:
#0 {main}
  thrown in /var/www/index.php on line 25
[25-Mar-2022 16:23:01 UTC] PHP Fatal error:  Uncaught Error: Call to undefined function addPersikka() in /var/www/index.php:124
Stack trace:
#0 {main}
  thrown in /var/www/index.php on line 124
[25-Mar-2022 16:23:11 UTC] SQLSTATE[HY000]: General error: 1 table FRUITS already exists
[25-Mar-2022 16:23:11 UTC] PHP Fatal error:  Uncaught Exception: Creating database failed. SQLSTATE[HY000]: General error: 1 table FRUITS already exists in /var/www/dao/FruitDAO.php:132
Stack trace:
#0 /var/www/index.php(25): FruitDAO->createFruitsTable()
#1 {main}
  thrown in /var/www/dao/FruitDAO.php on line 132
[25-Mar-2022 16:23:15 UTC] SQLSTATE[HY000]: General error: 1 table FRUITS already exists
[25-Mar-2022 16:23:15 UTC] PHP Fatal error:  Uncaught Exception: Creating database failed. SQLSTATE[HY000]: General error: 1 table FRUITS already exists in /var/www/dao/FruitDAO.php:132
Stack trace:
#0 /var/www/index.php(25): FruitDAO->createFruitsTable()
#1 {main}
  thrown in /var/www/dao/FruitDAO.php on line 132
[25-Mar-2022 16:23:15 UTC] SQLSTATE[HY000]: General error: 1 table FRUITS already exists
[25-Mar-2022 16:23:15 UTC] PHP Fatal error:  Uncaught Exception: Creating database failed. SQLSTATE[HY000]: General error: 1 table FRUITS already exists in /var/www/dao/FruitDAO.php:132
Stack trace:
#0 /var/www/index.php(25): FruitDAO->createFruitsTable()
#1 {main}
  thrown in /var/www/dao/FruitDAO.php on line 132
[25-Mar-2022 16:23:28 UTC] PHP Fatal error:  Uncaught Error: Call to undefined function addPersikka() in /var/www/index.php:124
Stack trace:
#0 {main}
  thrown in /var/www/index.php on line 124
[25-Mar-2022 16:24:20 UTC] PHP Fatal error:  Uncaught Error: Call to undefined function addFruit() in /var/www/index.php:124
Stack trace:
#0 {main}
  thrown in /var/www/index.php on line 124
[25-Mar-2022 16:24:40 UTC] PHP Fatal error:  Uncaught Error: Call to undefined function addFruit() in /var/www/index.php:124
Stack trace:
#0 {main}
  thrown in /var/www/index.php on line 124
[25-Mar-2022 16:32:21 UTC] PHP Warning:  Undefined variable $author in /var/www/model/Fruit.php on line 15
[25-Mar-2022 16:32:51 UTC] PHP Warning:  Undefined variable $author in /var/www/model/Fruit.php on line 15
[25-Mar-2022 16:33:15 UTC] PHP Warning:  Undefined variable $published in /var/www/model/Fruit.php on line 22
[25-Mar-2022 16:33:36 UTC] PHP Warning:  Undefined variable $fruit_row in /var/www/dao/FruitDAO.php on line 102
[25-Mar-2022 16:34:37 UTC] PHP Warning:  Undefined variable $fruit_row in /var/www/dao/FruitDAO.php on line 102
[25-Mar-2022 16:35:02 UTC] PHP Warning:  Undefined variable $FruitSaleDAO in /var/www/fruitsales.php on line 102
[25-Mar-2022 16:35:02 UTC] PHP Fatal error:  Uncaught Error: Call to a member function getFruitSales() on null in /var/www/fruitsales.php:102
Stack trace:
#0 {main}
  thrown in /var/www/fruitsales.php on line 102
[25-Mar-2022 16:35:33 UTC] PHP Warning:  Undefined variable $FruitSaleComponents in /var/www/fruitsales.php on line 103
[25-Mar-2022 16:35:33 UTC] PHP Fatal error:  Uncaught Error: Call to a member function printFruitSalesComponent() on null in /var/www/fruitsales.php:103
Stack trace:
#0 {main}
  thrown in /var/www/fruitsales.php on line 103
[25-Mar-2022 16:35:48 UTC] PHP Warning:  Undefined variable $fruit_sale_form in /var/www/add_fruit_sale.php on line 29
[25-Mar-2022 16:41:33 UTC] PHP Warning:  Undefined variable $fixdate in /var/www/model/FruitSale.php on line 23
[25-Mar-2022 16:41:55 UTC] PHP Warning:  Undefined variable $bookid in /var/www/model/FruitSale.php on line 26
[25-Mar-2022 16:42:11 UTC] PHP Warning:  Undefined variable $fruitsale in /var/www/fruitsales.php on line 57
[25-Mar-2022 16:42:11 UTC] PHP Fatal error:  Uncaught Error: Attempt to modify property "price" on null in /var/www/dao/FruitSaleDAO.php:30
Stack trace:
#0 /var/www/fruitsales.php(57): FruitSaleDAO->addFruitSale(NULL)
#1 {main}
  thrown in /var/www/dao/FruitSaleDAO.php on line 30
[25-Mar-2022 16:43:04 UTC] PHP Warning:  Undefined variable $book_ok in /var/www/index.php on line 76
[25-Mar-2022 16:43:27 UTC] PHP Warning:  Undefined variable $ruitDAO in /var/www/index.php on line 88
[25-Mar-2022 16:43:27 UTC] PHP Fatal error:  Uncaught Error: Call to a member function updateFruit() on null in /var/www/index.php:88
Stack trace:
#0 {main}
  thrown in /var/www/index.php on line 88
[25-Mar-2022 16:43:58 UTC] PHP Warning:  Undefined variable $FruitSaleDAO in /var/www/index.php on line 59
[25-Mar-2022 16:43:58 UTC] PHP Fatal error:  Uncaught Error: Call to a member function deleteSalesFromFruit() on null in /var/www/index.php:59
Stack trace:
#0 {main}
  thrown in /var/www/index.php on line 59
[25-Mar-2022 16:44:47 UTC] PHP Warning:  Undefined property: FruitSaleDAO::$FruitSaleFactory in /var/www/dao/FruitSaleDAO.php on line 96
[25-Mar-2022 16:44:47 UTC] PHP Fatal error:  Uncaught Error: Call to a member function createFruitSaleFromArray() on null in /var/www/dao/FruitSaleDAO.php:96
Stack trace:
#0 /var/www/fruitsales.php(102): FruitSaleDAO->getFruitSales('2')
#1 {main}
  thrown in /var/www/dao/FruitSaleDAO.php on line 96
[25-Mar-2022 16:55:05 UTC] PHP Warning:  Undefined variable $status_text in /var/www/allfruitsales.php on line 26
[25-Mar-2022 16:55:05 UTC] PHP Warning:  Undefined variable $error_text in /var/www/allfruitsales.php on line 27
[25-Mar-2022 16:55:05 UTC] PHP Warning:  Undefined variable $fruitsComponents in /var/www/allfruitsales.php on line 30
[25-Mar-2022 16:55:05 UTC] PHP Fatal error:  Uncaught Error: Call to a member function getNewFruitButton() on null in /var/www/allfruitsales.php:30
Stack trace:
#0 {main}
  thrown in /var/www/allfruitsales.php on line 30
[25-Mar-2022 16:55:36 UTC] PHP Warning:  Undefined variable $fruitsComponents in /var/www/allfruitsales.php on line 33
[25-Mar-2022 16:55:36 UTC] PHP Fatal error:  Uncaught Error: Call to a member function getNewFruitButton() on null in /var/www/allfruitsales.php:33
Stack trace:
#0 {main}
  thrown in /var/www/allfruitsales.php on line 33
[25-Mar-2022 16:56:23 UTC] PHP Warning:  Undefined variable $fruitsComponents in /var/www/allfruitsales.php on line 34
[25-Mar-2022 16:56:23 UTC] PHP Fatal error:  Uncaught Error: Call to a member function getNewFruitButton() on null in /var/www/allfruitsales.php:34
Stack trace:
#0 {main}
  thrown in /var/www/allfruitsales.php on line 34
[25-Mar-2022 16:57:57 UTC] PHP Warning:  Undefined variable $fruitsComponents in /var/www/allfruitsales.php on line 35
[25-Mar-2022 16:57:57 UTC] PHP Fatal error:  Uncaught Error: Call to a member function getNewFruitButton() on null in /var/www/allfruitsales.php:35
Stack trace:
#0 {main}
  thrown in /var/www/allfruitsales.php on line 35
[25-Mar-2022 16:58:08 UTC] PHP Fatal error:  Uncaught ArgumentCountError: Too few arguments to function FruitSaleDAO::getFruitSales(), 0 passed in /var/www/allfruitsales.php on line 42 and exactly 1 expected in /var/www/dao/FruitSaleDAO.php:88
Stack trace:
#0 /var/www/allfruitsales.php(42): FruitSaleDAO->getFruitSales()
#1 {main}
  thrown in /var/www/dao/FruitSaleDAO.php on line 88
[25-Mar-2022 16:59:38 UTC] PHP Fatal error:  Uncaught Error: Call to undefined method FruitSaleComponents::printFruitsComponent() in /var/www/allfruitsales.php:43
Stack trace:
#0 {main}
  thrown in /var/www/allfruitsales.php on line 43
[25-Mar-2022 17:00:53 UTC] PHP Fatal error:  Uncaught Error: Call to undefined method FruitSaleComponents::printFruitsComponent() in /var/www/allfruitsales.php:43
Stack trace:
#0 {main}
  thrown in /var/www/allfruitsales.php on line 43
[25-Mar-2022 17:05:01 UTC] PHP Warning:  Array to string conversion in /var/www/allfruitsales.php on line 43
